[DEBUG] 2019-07-04 00:03:34,770  初始化 D:\Visual Studio\Stack.WeChat\Stack.WeChat.WebAPI\Config\log4net.config 完成。
[DEBUG] 2019-07-04 00:05:00,359  初始化 D:\Visual Studio\Stack.WeChat\Stack.WeChat.WebAPI\Config\log4net.config 完成。
[DEBUG] 2019-07-04 00:10:38,292  初始化 D:\Visual Studio\Stack.WeChat\Stack.WeChat.WebAPI\Config\log4net.config 完成。
[DEBUG] 2019-07-04 00:19:14,158  初始化 D:\Visual Studio\Stack.WeChat\Stack.WeChat.WebAPI\Config\log4net.config 完成。
[DEBUG] 2019-07-04 00:37:06,066  初始化 D:\Visual Studio\Stack.WeChat\Stack.WeChat.WebAPI\Config\log4net.config 完成。
[DEBUG] 2019-07-04 00:38:03,137  初始化 D:\Visual Studio\Stack.WeChat\Stack.WeChat.WebAPI\Config\log4net.config 完成。
[DEBUG] 2019-07-04 00:41:34,086  初始化 D:\Visual Studio\Stack.WeChat\Stack.WeChat.WebAPI\Config\log4net.config 完成。
[DEBUG] 2019-07-04 00:42:11,891  初始化 D:\Visual Studio\Stack.WeChat\Stack.WeChat.WebAPI\Config\log4net.config 完成。
[ERROR] 2019-07-04 00:43:32,570 Stack.WeChat.MP.Attributes.GlobalExceptionAttribute 【全局异常】发生未经处理的全局异常：System.ArgumentException: Requested value '7.3' was not found.
   at System.Enum.TryParseEnum(Type enumType, String value, Boolean ignoreCase, EnumResult& parseResult)
   at System.Enum.Parse(Type enumType, String value, Boolean ignoreCase)
   at Stack.WeChat.MP.Extensions.MessageTypeExtensions.ToEnum[T](String messageType) in D:\Visual Studio\Stack.WeChat\Stack.WeChat.MP\Extensions\MessageTypeExtensions.cs:line 109
   at Stack.WeChat.MP.Extensions.MessageTypeExtensions.ToRequestMessageType(String messageType) in D:\Visual Studio\Stack.WeChat\Stack.WeChat.MP\Extensions\MessageTypeExtensions.cs:line 89
   at Stack.WeChat.MP.MessageHandlers.MessageHandlerProvider.Handler() in D:\Visual Studio\Stack.WeChat\Stack.WeChat.MP\MessageHandlers\MessageHandlerProvider.cs:line 102
   at Stack.WeChat.WebAPI.Controllers.IndexController.Action(IndexPostParam param) in D:\Visual Studio\Stack.WeChat\Stack.WeChat.WebAPI\Controllers\IndexController.cs:line 37
   at lambda_method(Closure , Object , Object[] )
   at Microsoft.Extensions.Internal.ObjectMethodExecutor.Execute(Object target, Object[] parameters)
   at Microsoft.AspNetCore.Mvc.Internal.ActionMethodExecutor.SyncActionResultExecutor.Execute(IActionResultTypeMapper mapper, ObjectMethodExecutor executor, Object controller, Object[] arguments)
   at Microsoft.AspNetCore.Mvc.Internal.ControllerActionInvoker.InvokeActionMethodAsync()
   at Microsoft.AspNetCore.Mvc.Internal.ControllerActionInvoker.InvokeNextActionFilterAsync()
   at Microsoft.AspNetCore.Mvc.Internal.ControllerActionInvoker.Rethrow(ActionExecutedContext context)
   at Microsoft.AspNetCore.Mvc.Internal.ControllerActionInvoker.Next(State& next, Scope& scope, Object& state, Boolean& isCompleted)
   at Microsoft.AspNetCore.Mvc.Internal.ControllerActionInvoker.InvokeInnerFilterAsync()
   at Microsoft.AspNetCore.Mvc.Internal.ResourceInvoker.InvokeNextExceptionFilterAsync()
[DEBUG] 2019-07-04 00:43:57,486 Stack.WeChat.WebAPI.Controllers.IndexController 【微信消息接口接入入口】MsgType：text，Url入参字符串：?appid=wx6fe5568ecfc233b3&signature=8cec2788931dbb9a2989ce4a02842521ef1c1e94&timestamp=1561910880&nonce=1651364756&openid=oR6RZ6ORUbnhxmfpcUKRr1yVU-ys，Xml入参字符串：<xml>
  <ToUserName><![CDATA[gh_278e0d60f6d6]]></ToUserName>
<FromUserName><![CDATA[oR6RZ6ORUbnhxmfpcUKRr1yVU-ys]]></FromUserName>
<CreateTime>1562069669</CreateTime>
<MsgType><![CDATA[text]]></MsgType>
<Content><![CDATA[啦啦啦啦啦]]></Content>
<MsgId>22363458404048046</MsgId>
</xml>
[DEBUG] 2019-07-04 01:43:14,098  初始化 D:\Visual Studio\Stack.WeChat\Stack.WeChat.WebAPI\Config\log4net.config 完成。
[DEBUG] 2019-07-04 01:50:53,186  初始化 D:\Visual Studio\Stack.WeChat\Stack.WeChat.WebAPI\Config\log4net.config 完成。
[DEBUG] 2019-07-04 02:17:18,931  初始化 D:\Visual Studio\Stack.WeChat\Stack.WeChat.WebAPI\Config\log4net.config 完成。
[DEBUG] 2019-07-04 02:17:52,552 Stack.WeChat.WebAPI.Controllers.IndexController 【微信消息接口接入入口】MsgType：text，Url入参字符串：?appid=wx6fe5568ecfc233b3&signature=8cec2788931dbb9a2989ce4a02842521ef1c1e94&timestamp=1561910880&nonce=1651364756&openid=oR6RZ6ORUbnhxmfpcUKRr1yVU-ys，Xml入参字符串：<xml>
  <ToUserName><![CDATA[gh_278e0d60f6d6]]></ToUserName>
<FromUserName><![CDATA[oR6RZ6ORUbnhxmfpcUKRr1yVU-ys]]></FromUserName>
<CreateTime>1562069669</CreateTime>
<MsgType><![CDATA[text]]></MsgType>
<Content><![CDATA[啦啦啦啦啦]]></Content>
<MsgId>22363458404048046</MsgId>
</xml>
[DEBUG] 2019-07-04 02:18:07,449 Stack.WeChat.WebAPI.Controllers.IndexController 【微信消息接口接入入口】MsgType：text，Url入参字符串：?appid=wx6fe5568ecfc233b3&signature=8cec2788931dbb9a2989ce4a02842521ef1c1e94&timestamp=1561910880&nonce=1651364756&openid=oR6RZ6ORUbnhxmfpcUKRr1yVU-ys，Xml入参字符串：<xml>
  <ToUserName><![CDATA[gh_278e0d60f6d6]]></ToUserName>
<FromUserName><![CDATA[oR6RZ6ORUbnhxmfpcUKRr1yVU-ys]]></FromUserName>
<CreateTime>1562069669</CreateTime>
<MsgType><![CDATA[text]]></MsgType>
<Content><![CDATA[啦啦啦啦啦]]></Content>
<MsgId>22363458404048046</MsgId>
</xml>
